Array
(
    [IBLOCK_ID] => 31
    [IBLOCK_SECTION_ID] => 
    [NAME] => 06062019/апв323, платіж # 1 - 432
    [MODIFIED_BY] => 1
    [PROPERTY_VALUES] => Array
        (
            [107] => Array
                (
                    [0] => C_66
                )

            [108] => Array
                (
                    [663] => Array
                        (
                            [VALUE] => 1627
                        )

                )

            [109] => Array
                (
                    [664] => Array
                        (
                            [VALUE] => ЖК "Riverside"
                        )

                )

            [110] => 80
            [111] => Array
                (
                    [666] => Array
                        (
                            [VALUE] => 333334|UAH
                        )

                )

            [113] => Array
                (
                    [667] => Array
                        (
                            [VALUE] => 30.06.2019
                        )

                )

        )

    [RIGHTS] => Array
        (
        )

    [WF] => N
    [WF_NEW] => 
    [SEARCHABLE_CONTENT] => 06062019/АПВ323, ПЛАТІЖ # 1 - 432


    [IBLOCK_SECTION] => Array
        (
        )

    [ID] => 218
)
