Array
(
    [0] => Array
        (
            [0] => Array
                (
                    [111] => 183334|UAH
                )

            [1] => Array
                (
                    [111] => 183333|UAH
                )

            [2] => Array
                (
                    [111] => 183333|UAH
                )

        )

    [1] => Больший платеж: 183334|UAH
    [2] => Равній: 183333|UAH
    [3] => Array
        (
            [0] => 
            [1] => 
            [2] => 
        )

)
