Array
(
    [0] => Array
        (
            [IBLOCK_ID] => 31
            [IBLOCK_SECTION_ID] => 
            [NAME] => 06062019/апв323, платіж # 2
            [MODIFIED_BY] => 1
            [PROPERTY_VALUES] => Array
                (
                    [107] => Array
                        (
                            [0] => C_66
                        )

                    [108] => Array
                        (
                            [812] => Array
                                (
                                    [VALUE] => 1627
                                )

                        )

                    [109] => Array
                        (
                            [869] => Array
                                (
                                    [VALUE] => ЖК "Riverside" 123
                                )

                        )

                    [110] => 80
                    [111] => Array
                        (
                            [815] => Array
                                (
                                    [VALUE] => 200000|UAH
                                )

                        )

                    [113] => Array
                        (
                            [816] => Array
                                (
                                    [VALUE] => 31.07.2019
                                )

                        )

                )

            [RIGHTS] => Array
                (
                )

            [WF] => N
            [WF_NEW] => 
            [SEARCHABLE_CONTENT] => 06062019/АПВ323, ПЛАТІЖ # 2


            [IBLOCK_SECTION] => Array
                (
                )

            [ID] => 225
        )

    [1] => Array
        (
            [0] => Array
                (
                    [FIELDS] => Array
                        (
                            [ID] => 225
                            [~ID] => 225
                            [IBLOCK_ID] => 31
                            [~IBLOCK_ID] => 31
                            [NAME] => 06062019/апв323, платіж # 2
                            [~NAME] => 06062019/апв323, платіж # 2
                        )

                    [PROPERTIES] => Array
                        (
                            [KLIYENT] => Array
                                (
                                    [ID] => 107
                                    [TIMESTAMP_X] => 2019-06-05 15:01:04
                                    [IBLOCK_ID] => 31
                                    [NAME] => Клієнт
                                    [ACTIVE] => Y
                                    [SORT] => 20
                                    [CODE] => KLIYENT
                                    [DEFAULT_VALUE] => 
                                    [PROPERTY_TYPE] => S
                                    [ROW_COUNT] => 1
                                    [COL_COUNT] => 30
                                    [LIST_TYPE] => L
                                    [MULTIPLE] => Y
                                    [XML_ID] => 
                                    [FILE_TYPE] => 
                                    [MULTIPLE_CNT] => 1
                                    [TMP_ID] => 
                                    [LINK_IBLOCK_ID] => 
                                    [WITH_DESCRIPTION] => 
                                    [SEARCHABLE] => N
                                    [FILTRABLE] => N
                                    [IS_REQUIRED] => N
                                    [VERSION] => 1
                                    [USER_TYPE] => ECrm
                                    [USER_TYPE_SETTINGS] => Array
                                        (
                                            [CONTACT] => Y
                                            [COMPANY] => Y
                                            [VISIBLE] => Y
                                            [LEAD] => N
                                            [DEAL] => N
                                        )

                                    [HINT] => 
                                    [PROPERTY_VALUE_ID] => Array
                                        (
                                            [0] => 1110
                                        )

                                    [VALUE] => Array
                                        (
                                            [0] => C_66
                                        )

                                    [DESCRIPTION] => Array
                                        (
                                            [0] => 
                                        )

                                    [VALUE_ENUM] => 
                                    [VALUE_XML_ID] => 
                                    [VALUE_SORT] => 
                                    [~VALUE] => Array
                                        (
                                            [0] => C_66
                                        )

                                    [~DESCRIPTION] => Array
                                        (
                                            [0] => 
                                        )

                                    [~NAME] => Клієнт
                                    [~DEFAULT_VALUE] => 
                                )

                            [UGODA] => Array
                                (
                                    [ID] => 108
                                    [TIMESTAMP_X] => 2019-06-05 14:33:17
                                    [IBLOCK_ID] => 31
                                    [NAME] => Угода
                                    [ACTIVE] => Y
                                    [SORT] => 30
                                    [CODE] => UGODA
                                    [DEFAULT_VALUE] => 
                                    [PROPERTY_TYPE] => S
                                    [ROW_COUNT] => 1
                                    [COL_COUNT] => 30
                                    [LIST_TYPE] => L
                                    [MULTIPLE] => N
                                    [XML_ID] => 
                                    [FILE_TYPE] => 
                                    [MULTIPLE_CNT] => 1
                                    [TMP_ID] => 
                                    [LINK_IBLOCK_ID] => 
                                    [WITH_DESCRIPTION] => 
                                    [SEARCHABLE] => N
                                    [FILTRABLE] => N
                                    [IS_REQUIRED] => N
                                    [VERSION] => 1
                                    [USER_TYPE] => ECrm
                                    [USER_TYPE_SETTINGS] => Array
                                        (
                                            [DEAL] => Y
                                            [VISIBLE] => Y
                                            [LEAD] => N
                                            [CONTACT] => N
                                            [COMPANY] => N
                                        )

                                    [HINT] => 
                                    [PROPERTY_VALUE_ID] => 812
                                    [VALUE] => 1627
                                    [DESCRIPTION] => 
                                    [VALUE_ENUM] => 
                                    [VALUE_XML_ID] => 
                                    [VALUE_SORT] => 
                                    [~VALUE] => 1627
                                    [~DESCRIPTION] => 
                                    [~NAME] => Угода
                                    [~DEFAULT_VALUE] => 
                                )

                            [ZHYTLOVYY_KOMPLEKS] => Array
                                (
                                    [ID] => 109
                                    [TIMESTAMP_X] => 2019-06-05 14:34:39
                                    [IBLOCK_ID] => 31
                                    [NAME] => Житловий комплекс
                                    [ACTIVE] => Y
                                    [SORT] => 40
                                    [CODE] => ZHYTLOVYY_KOMPLEKS
                                    [DEFAULT_VALUE] => 
                                    [PROPERTY_TYPE] => S
                                    [ROW_COUNT] => 1
                                    [COL_COUNT] => 30
                                    [LIST_TYPE] => L
                                    [MULTIPLE] => N
                                    [XML_ID] => 
                                    [FILE_TYPE] => 
                                    [MULTIPLE_CNT] => 1
                                    [TMP_ID] => 
                                    [LINK_IBLOCK_ID] => 
                                    [WITH_DESCRIPTION] => 
                                    [SEARCHABLE] => N
                                    [FILTRABLE] => N
                                    [IS_REQUIRED] => N
                                    [VERSION] => 1
                                    [USER_TYPE] => 
                                    [USER_TYPE_SETTINGS] => 
                                    [HINT] => 
                                    [PROPERTY_VALUE_ID] => 869
                                    [VALUE] => ЖК &quot;Riverside&quot; 123
                                    [DESCRIPTION] => 
                                    [VALUE_ENUM] => 
                                    [VALUE_XML_ID] => 
                                    [VALUE_SORT] => 
                                    [~VALUE] => ЖК "Riverside" 123
                                    [~DESCRIPTION] => 
                                    [~NAME] => Житловий комплекс
                                    [~DEFAULT_VALUE] => 
                                )

                            [STATUS] => Array
                                (
                                    [ID] => 110
                                    [TIMESTAMP_X] => 2019-06-05 14:35:14
                                    [IBLOCK_ID] => 31
                                    [NAME] => Статус
                                    [ACTIVE] => Y
                                    [SORT] => 50
                                    [CODE] => STATUS
                                    [DEFAULT_VALUE] => 
                                    [PROPERTY_TYPE] => L
                                    [ROW_COUNT] => 1
                                    [COL_COUNT] => 30
                                    [LIST_TYPE] => L
                                    [MULTIPLE] => N
                                    [XML_ID] => 
                                    [FILE_TYPE] => 
                                    [MULTIPLE_CNT] => 1
                                    [TMP_ID] => 
                                    [LINK_IBLOCK_ID] => 
                                    [WITH_DESCRIPTION] => 
                                    [SEARCHABLE] => N
                                    [FILTRABLE] => N
                                    [IS_REQUIRED] => N
                                    [VERSION] => 1
                                    [USER_TYPE] => 
                                    [USER_TYPE_SETTINGS] => 
                                    [HINT] => 
                                    [PROPERTY_VALUE_ID] => 1111
                                    [VALUE] => Не сплачено
                                    [DESCRIPTION] => 
                                    [VALUE_ENUM] => Не сплачено
                                    [VALUE_XML_ID] => 67232fb75b22d08917fbfe67328e25fb
                                    [VALUE_SORT] => 20
                                    [VALUE_ENUM_ID] => 80
                                    [~VALUE] => Не сплачено
                                    [~DESCRIPTION] => 
                                    [~NAME] => Статус
                                    [~DEFAULT_VALUE] => 
                                )

                            [SUMA_PLATEJU_UAH] => Array
                                (
                                    [ID] => 111
                                    [TIMESTAMP_X] => 2019-06-05 15:04:34
                                    [IBLOCK_ID] => 31
                                    [NAME] => Сума платежу, UAH
                                    [ACTIVE] => Y
                                    [SORT] => 60
                                    [CODE] => SUMA_PLATEJU_UAH
                                    [DEFAULT_VALUE] => 
                                    [PROPERTY_TYPE] => S
                                    [ROW_COUNT] => 1
                                    [COL_COUNT] => 30
                                    [LIST_TYPE] => L
                                    [MULTIPLE] => N
                                    [XML_ID] => 
                                    [FILE_TYPE] => 
                                    [MULTIPLE_CNT] => 1
                                    [TMP_ID] => 
                                    [LINK_IBLOCK_ID] => 
                                    [WITH_DESCRIPTION] => 
                                    [SEARCHABLE] => N
                                    [FILTRABLE] => N
                                    [IS_REQUIRED] => N
                                    [VERSION] => 1
                                    [USER_TYPE] => Money
                                    [USER_TYPE_SETTINGS] => 
                                    [HINT] => 
                                    [PROPERTY_VALUE_ID] => 815
                                    [VALUE] => 200000|UAH
                                    [DESCRIPTION] => 
                                    [VALUE_ENUM] => 
                                    [VALUE_XML_ID] => 
                                    [VALUE_SORT] => 
                                    [~VALUE] => 200000|UAH
                                    [~DESCRIPTION] => 
                                    [~NAME] => Сума платежу, UAH
                                    [~DEFAULT_VALUE] => 
                                )

                            [DATA_PLATEJU] => Array
                                (
                                    [ID] => 113
                                    [TIMESTAMP_X] => 2019-06-05 14:59:39
                                    [IBLOCK_ID] => 31
                                    [NAME] => Дата платежу
                                    [ACTIVE] => Y
                                    [SORT] => 80
                                    [CODE] => DATA_PLATEJU
                                    [DEFAULT_VALUE] => 
                                    [PROPERTY_TYPE] => S
                                    [ROW_COUNT] => 1
                                    [COL_COUNT] => 30
                                    [LIST_TYPE] => L
                                    [MULTIPLE] => N
                                    [XML_ID] => 
                                    [FILE_TYPE] => 
                                    [MULTIPLE_CNT] => 1
                                    [TMP_ID] => 
                                    [LINK_IBLOCK_ID] => 
                                    [WITH_DESCRIPTION] => 
                                    [SEARCHABLE] => N
                                    [FILTRABLE] => N
                                    [IS_REQUIRED] => N
                                    [VERSION] => 1
                                    [USER_TYPE] => Date
                                    [USER_TYPE_SETTINGS] => 
                                    [HINT] => 
                                    [PROPERTY_VALUE_ID] => 816
                                    [VALUE] => 31.07.2019
                                    [DESCRIPTION] => 
                                    [VALUE_ENUM] => 
                                    [VALUE_XML_ID] => 
                                    [VALUE_SORT] => 
                                    [~VALUE] => 31.07.2019
                                    [~DESCRIPTION] => 
                                    [~NAME] => Дата платежу
                                    [~DEFAULT_VALUE] => 
                                )

                        )

                )

        )

    [2] => Array
        (
            [0] => Array
                (
                    [FIELDS] => Array
                        (
                            [ID] => 224
                            [~ID] => 224
                            [NAME] => 06062019/апв323, платіж # 1
                            [~NAME] => 06062019/апв323, платіж # 1
                            [IBLOCK_ID] => 31
                            [~IBLOCK_ID] => 31
                            [TIMESTAMP_X] => 12.06.2019 14:28:31
                            [~TIMESTAMP_X] => 12.06.2019 14:28:31
                        )

                    [PROPERTIES] => Array
                        (
                            [KLIYENT] => Array
                                (
                                    [ID] => 107
                                    [TIMESTAMP_X] => 2019-06-05 15:01:04
                                    [IBLOCK_ID] => 31
                                    [NAME] => Клієнт
                                    [ACTIVE] => Y
                                    [SORT] => 20
                                    [CODE] => KLIYENT
                                    [DEFAULT_VALUE] => 
                                    [PROPERTY_TYPE] => S
                                    [ROW_COUNT] => 1
                                    [COL_COUNT] => 30
                                    [LIST_TYPE] => L
                                    [MULTIPLE] => Y
                                    [XML_ID] => 
                                    [FILE_TYPE] => 
                                    [MULTIPLE_CNT] => 1
                                    [TMP_ID] => 
                                    [LINK_IBLOCK_ID] => 
                                    [WITH_DESCRIPTION] => 
                                    [SEARCHABLE] => N
                                    [FILTRABLE] => N
                                    [IS_REQUIRED] => N
                                    [VERSION] => 1
                                    [USER_TYPE] => ECrm
                                    [USER_TYPE_SETTINGS] => Array
                                        (
                                            [CONTACT] => Y
                                            [COMPANY] => Y
                                            [VISIBLE] => Y
                                            [LEAD] => N
                                            [DEAL] => N
                                        )

                                    [HINT] => 
                                    [PROPERTY_VALUE_ID] => Array
                                        (
                                            [0] => 1096
                                        )

                                    [VALUE] => Array
                                        (
                                            [0] => C_66
                                        )

                                    [DESCRIPTION] => Array
                                        (
                                            [0] => 
                                        )

                                    [VALUE_ENUM] => 
                                    [VALUE_XML_ID] => 
                                    [VALUE_SORT] => 
                                    [~VALUE] => Array
                                        (
                                            [0] => C_66
                                        )

                                    [~DESCRIPTION] => Array
                                        (
                                            [0] => 
                                        )

                                    [~NAME] => Клієнт
                                    [~DEFAULT_VALUE] => 
                                )

                            [UGODA] => Array
                                (
                                    [ID] => 108
                                    [TIMESTAMP_X] => 2019-06-05 14:33:17
                                    [IBLOCK_ID] => 31
                                    [NAME] => Угода
                                    [ACTIVE] => Y
                                    [SORT] => 30
                                    [CODE] => UGODA
                                    [DEFAULT_VALUE] => 
                                    [PROPERTY_TYPE] => S
                                    [ROW_COUNT] => 1
                                    [COL_COUNT] => 30
                                    [LIST_TYPE] => L
                                    [MULTIPLE] => N
                                    [XML_ID] => 
                                    [FILE_TYPE] => 
                                    [MULTIPLE_CNT] => 1
                                    [TMP_ID] => 
                                    [LINK_IBLOCK_ID] => 
                                    [WITH_DESCRIPTION] => 
                                    [SEARCHABLE] => N
                                    [FILTRABLE] => N
                                    [IS_REQUIRED] => N
                                    [VERSION] => 1
                                    [USER_TYPE] => ECrm
                                    [USER_TYPE_SETTINGS] => Array
                                        (
                                            [DEAL] => Y
                                            [VISIBLE] => Y
                                            [LEAD] => N
                                            [CONTACT] => N
                                            [COMPANY] => N
                                        )

                                    [HINT] => 
                                    [PROPERTY_VALUE_ID] => 806
                                    [VALUE] => 1627
                                    [DESCRIPTION] => 
                                    [VALUE_ENUM] => 
                                    [VALUE_XML_ID] => 
                                    [VALUE_SORT] => 
                                    [~VALUE] => 1627
                                    [~DESCRIPTION] => 
                                    [~NAME] => Угода
                                    [~DEFAULT_VALUE] => 
                                )

                            [ZHYTLOVYY_KOMPLEKS] => Array
                                (
                                    [ID] => 109
                                    [TIMESTAMP_X] => 2019-06-05 14:34:39
                                    [IBLOCK_ID] => 31
                                    [NAME] => Житловий комплекс
                                    [ACTIVE] => Y
                                    [SORT] => 40
                                    [CODE] => ZHYTLOVYY_KOMPLEKS
                                    [DEFAULT_VALUE] => 
                                    [PROPERTY_TYPE] => S
                                    [ROW_COUNT] => 1
                                    [COL_COUNT] => 30
                                    [LIST_TYPE] => L
                                    [MULTIPLE] => N
                                    [XML_ID] => 
                                    [FILE_TYPE] => 
                                    [MULTIPLE_CNT] => 1
                                    [TMP_ID] => 
                                    [LINK_IBLOCK_ID] => 
                                    [WITH_DESCRIPTION] => 
                                    [SEARCHABLE] => N
                                    [FILTRABLE] => N
                                    [IS_REQUIRED] => N
                                    [VERSION] => 1
                                    [USER_TYPE] => 
                                    [USER_TYPE_SETTINGS] => 
                                    [HINT] => 
                                    [PROPERTY_VALUE_ID] => 868
                                    [VALUE] => ЖК &quot;Riverside&quot; 123
                                    [DESCRIPTION] => 
                                    [VALUE_ENUM] => 
                                    [VALUE_XML_ID] => 
                                    [VALUE_SORT] => 
                                    [~VALUE] => ЖК "Riverside" 123
                                    [~DESCRIPTION] => 
                                    [~NAME] => Житловий комплекс
                                    [~DEFAULT_VALUE] => 
                                )

                            [STATUS] => Array
                                (
                                    [ID] => 110
                                    [TIMESTAMP_X] => 2019-06-05 14:35:14
                                    [IBLOCK_ID] => 31
                                    [NAME] => Статус
                                    [ACTIVE] => Y
                                    [SORT] => 50
                                    [CODE] => STATUS
                                    [DEFAULT_VALUE] => 
                                    [PROPERTY_TYPE] => L
                                    [ROW_COUNT] => 1
                                    [COL_COUNT] => 30
                                    [LIST_TYPE] => L
                                    [MULTIPLE] => N
                                    [XML_ID] => 
                                    [FILE_TYPE] => 
                                    [MULTIPLE_CNT] => 1
                                    [TMP_ID] => 
                                    [LINK_IBLOCK_ID] => 
                                    [WITH_DESCRIPTION] => 
                                    [SEARCHABLE] => N
                                    [FILTRABLE] => N
                                    [IS_REQUIRED] => N
                                    [VERSION] => 1
                                    [USER_TYPE] => 
                                    [USER_TYPE_SETTINGS] => 
                                    [HINT] => 
                                    [PROPERTY_VALUE_ID] => 1097
                                    [VALUE] => Не сплачено
                                    [DESCRIPTION] => 
                                    [VALUE_ENUM] => Не сплачено
                                    [VALUE_XML_ID] => 67232fb75b22d08917fbfe67328e25fb
                                    [VALUE_SORT] => 20
                                    [VALUE_ENUM_ID] => 80
                                    [~VALUE] => Не сплачено
                                    [~DESCRIPTION] => 
                                    [~NAME] => Статус
                                    [~DEFAULT_VALUE] => 
                                )

                            [SUMA_PLATEJU_UAH] => Array
                                (
                                    [ID] => 111
                                    [TIMESTAMP_X] => 2019-06-05 15:04:34
                                    [IBLOCK_ID] => 31
                                    [NAME] => Сума платежу, UAH
                                    [ACTIVE] => Y
                                    [SORT] => 60
                                    [CODE] => SUMA_PLATEJU_UAH
                                    [DEFAULT_VALUE] => 
                                    [PROPERTY_TYPE] => S
                                    [ROW_COUNT] => 1
                                    [COL_COUNT] => 30
                                    [LIST_TYPE] => L
                                    [MULTIPLE] => N
                                    [XML_ID] => 
                                    [FILE_TYPE] => 
                                    [MULTIPLE_CNT] => 1
                                    [TMP_ID] => 
                                    [LINK_IBLOCK_ID] => 
                                    [WITH_DESCRIPTION] => 
                                    [SEARCHABLE] => N
                                    [FILTRABLE] => N
                                    [IS_REQUIRED] => N
                                    [VERSION] => 1
                                    [USER_TYPE] => Money
                                    [USER_TYPE_SETTINGS] => 
                                    [HINT] => 
                                    [PROPERTY_VALUE_ID] => 809
                                    [VALUE] => 200000|UAH
                                    [DESCRIPTION] => 
                                    [VALUE_ENUM] => 
                                    [VALUE_XML_ID] => 
                                    [VALUE_SORT] => 
                                    [~VALUE] => 200000|UAH
                                    [~DESCRIPTION] => 
                                    [~NAME] => Сума платежу, UAH
                                    [~DEFAULT_VALUE] => 
                                )

                            [DATA_PLATEJU] => Array
                                (
                                    [ID] => 113
                                    [TIMESTAMP_X] => 2019-06-05 14:59:39
                                    [IBLOCK_ID] => 31
                                    [NAME] => Дата платежу
                                    [ACTIVE] => Y
                                    [SORT] => 80
                                    [CODE] => DATA_PLATEJU
                                    [DEFAULT_VALUE] => 
                                    [PROPERTY_TYPE] => S
                                    [ROW_COUNT] => 1
                                    [COL_COUNT] => 30
                                    [LIST_TYPE] => L
                                    [MULTIPLE] => N
                                    [XML_ID] => 
                                    [FILE_TYPE] => 
                                    [MULTIPLE_CNT] => 1
                                    [TMP_ID] => 
                                    [LINK_IBLOCK_ID] => 
                                    [WITH_DESCRIPTION] => 
                                    [SEARCHABLE] => N
                                    [FILTRABLE] => N
                                    [IS_REQUIRED] => N
                                    [VERSION] => 1
                                    [USER_TYPE] => Date
                                    [USER_TYPE_SETTINGS] => 
                                    [HINT] => 
                                    [PROPERTY_VALUE_ID] => 810
                                    [VALUE] => 30.06.2019
                                    [DESCRIPTION] => 
                                    [VALUE_ENUM] => 
                                    [VALUE_XML_ID] => 
                                    [VALUE_SORT] => 
                                    [~VALUE] => 30.06.2019
                                    [~DESCRIPTION] => 
                                    [~NAME] => Дата платежу
                                    [~DEFAULT_VALUE] => 
                                )

                        )

                )

            [1] => Array
                (
                    [FIELDS] => Array
                        (
                            [ID] => 226
                            [~ID] => 226
                            [NAME] => 06062019/апв323, платіж # 3
                            [~NAME] => 06062019/апв323, платіж # 3
                            [IBLOCK_ID] => 31
                            [~IBLOCK_ID] => 31
                            [TIMESTAMP_X] => 12.06.2019 14:34:31
                            [~TIMESTAMP_X] => 12.06.2019 14:34:31
                        )

                    [PROPERTIES] => Array
                        (
                            [KLIYENT] => Array
                                (
                                    [ID] => 107
                                    [TIMESTAMP_X] => 2019-06-05 15:01:04
                                    [IBLOCK_ID] => 31
                                    [NAME] => Клієнт
                                    [ACTIVE] => Y
                                    [SORT] => 20
                                    [CODE] => KLIYENT
                                    [DEFAULT_VALUE] => 
                                    [PROPERTY_TYPE] => S
                                    [ROW_COUNT] => 1
                                    [COL_COUNT] => 30
                                    [LIST_TYPE] => L
                                    [MULTIPLE] => Y
                                    [XML_ID] => 
                                    [FILE_TYPE] => 
                                    [MULTIPLE_CNT] => 1
                                    [TMP_ID] => 
                                    [LINK_IBLOCK_ID] => 
                                    [WITH_DESCRIPTION] => 
                                    [SEARCHABLE] => N
                                    [FILTRABLE] => N
                                    [IS_REQUIRED] => N
                                    [VERSION] => 1
                                    [USER_TYPE] => ECrm
                                    [USER_TYPE_SETTINGS] => Array
                                        (
                                            [CONTACT] => Y
                                            [COMPANY] => Y
                                            [VISIBLE] => Y
                                            [LEAD] => N
                                            [DEAL] => N
                                        )

                                    [HINT] => 
                                    [PROPERTY_VALUE_ID] => Array
                                        (
                                            [0] => 1104
                                        )

                                    [VALUE] => Array
                                        (
                                            [0] => C_66
                                        )

                                    [DESCRIPTION] => Array
                                        (
                                            [0] => 
                                        )

                                    [VALUE_ENUM] => 
                                    [VALUE_XML_ID] => 
                                    [VALUE_SORT] => 
                                    [~VALUE] => Array
                                        (
                                            [0] => C_66
                                        )

                                    [~DESCRIPTION] => Array
                                        (
                                            [0] => 
                                        )

                                    [~NAME] => Клієнт
                                    [~DEFAULT_VALUE] => 
                                )

                            [UGODA] => Array
                                (
                                    [ID] => 108
                                    [TIMESTAMP_X] => 2019-06-05 14:33:17
                                    [IBLOCK_ID] => 31
                                    [NAME] => Угода
                                    [ACTIVE] => Y
                                    [SORT] => 30
                                    [CODE] => UGODA
                                    [DEFAULT_VALUE] => 
                                    [PROPERTY_TYPE] => S
                                    [ROW_COUNT] => 1
                                    [COL_COUNT] => 30
                                    [LIST_TYPE] => L
                                    [MULTIPLE] => N
                                    [XML_ID] => 
                                    [FILE_TYPE] => 
                                    [MULTIPLE_CNT] => 1
                                    [TMP_ID] => 
                                    [LINK_IBLOCK_ID] => 
                                    [WITH_DESCRIPTION] => 
                                    [SEARCHABLE] => N
                                    [FILTRABLE] => N
                                    [IS_REQUIRED] => N
                                    [VERSION] => 1
                                    [USER_TYPE] => ECrm
                                    [USER_TYPE_SETTINGS] => Array
                                        (
                                            [DEAL] => Y
                                            [VISIBLE] => Y
                                            [LEAD] => N
                                            [CONTACT] => N
                                            [COMPANY] => N
                                        )

                                    [HINT] => 
                                    [PROPERTY_VALUE_ID] => 818
                                    [VALUE] => 1627
                                    [DESCRIPTION] => 
                                    [VALUE_ENUM] => 
                                    [VALUE_XML_ID] => 
                                    [VALUE_SORT] => 
                                    [~VALUE] => 1627
                                    [~DESCRIPTION] => 
                                    [~NAME] => Угода
                                    [~DEFAULT_VALUE] => 
                                )

                            [ZHYTLOVYY_KOMPLEKS] => Array
                                (
                                    [ID] => 109
                                    [TIMESTAMP_X] => 2019-06-05 14:34:39
                                    [IBLOCK_ID] => 31
                                    [NAME] => Житловий комплекс
                                    [ACTIVE] => Y
                                    [SORT] => 40
                                    [CODE] => ZHYTLOVYY_KOMPLEKS
                                    [DEFAULT_VALUE] => 
                                    [PROPERTY_TYPE] => S
                                    [ROW_COUNT] => 1
                                    [COL_COUNT] => 30
                                    [LIST_TYPE] => L
                                    [MULTIPLE] => N
                                    [XML_ID] => 
                                    [FILE_TYPE] => 
                                    [MULTIPLE_CNT] => 1
                                    [TMP_ID] => 
                                    [LINK_IBLOCK_ID] => 
                                    [WITH_DESCRIPTION] => 
                                    [SEARCHABLE] => N
                                    [FILTRABLE] => N
                                    [IS_REQUIRED] => N
                                    [VERSION] => 1
                                    [USER_TYPE] => 
                                    [USER_TYPE_SETTINGS] => 
                                    [HINT] => 
                                    [PROPERTY_VALUE_ID] => 863
                                    [VALUE] => ЖК &quot;Riverside&quot; 123
                                    [DESCRIPTION] => 
                                    [VALUE_ENUM] => 
                                    [VALUE_XML_ID] => 
                                    [VALUE_SORT] => 
                                    [~VALUE] => ЖК "Riverside" 123
                                    [~DESCRIPTION] => 
                                    [~NAME] => Житловий комплекс
                                    [~DEFAULT_VALUE] => 
                                )

                            [STATUS] => Array
                                (
                                    [ID] => 110
                                    [TIMESTAMP_X] => 2019-06-05 14:35:14
                                    [IBLOCK_ID] => 31
                                    [NAME] => Статус
                                    [ACTIVE] => Y
                                    [SORT] => 50
                                    [CODE] => STATUS
                                    [DEFAULT_VALUE] => 
                                    [PROPERTY_TYPE] => L
                                    [ROW_COUNT] => 1
                                    [COL_COUNT] => 30
                                    [LIST_TYPE] => L
                                    [MULTIPLE] => N
                                    [XML_ID] => 
                                    [FILE_TYPE] => 
                                    [MULTIPLE_CNT] => 1
                                    [TMP_ID] => 
                                    [LINK_IBLOCK_ID] => 
                                    [WITH_DESCRIPTION] => 
                                    [SEARCHABLE] => N
                                    [FILTRABLE] => N
                                    [IS_REQUIRED] => N
                                    [VERSION] => 1
                                    [USER_TYPE] => 
                                    [USER_TYPE_SETTINGS] => 
                                    [HINT] => 
                                    [PROPERTY_VALUE_ID] => 1105
                                    [VALUE] => Не сплачено
                                    [DESCRIPTION] => 
                                    [VALUE_ENUM] => Не сплачено
                                    [VALUE_XML_ID] => 67232fb75b22d08917fbfe67328e25fb
                                    [VALUE_SORT] => 20
                                    [VALUE_ENUM_ID] => 80
                                    [~VALUE] => Не сплачено
                                    [~DESCRIPTION] => 
                                    [~NAME] => Статус
                                    [~DEFAULT_VALUE] => 
                                )

                            [SUMA_PLATEJU_UAH] => Array
                                (
                                    [ID] => 111
                                    [TIMESTAMP_X] => 2019-06-05 15:04:34
                                    [IBLOCK_ID] => 31
                                    [NAME] => Сума платежу, UAH
                                    [ACTIVE] => Y
                                    [SORT] => 60
                                    [CODE] => SUMA_PLATEJU_UAH
                                    [DEFAULT_VALUE] => 
                                    [PROPERTY_TYPE] => S
                                    [ROW_COUNT] => 1
                                    [COL_COUNT] => 30
                                    [LIST_TYPE] => L
                                    [MULTIPLE] => N
                                    [XML_ID] => 
                                    [FILE_TYPE] => 
                                    [MULTIPLE_CNT] => 1
                                    [TMP_ID] => 
                                    [LINK_IBLOCK_ID] => 
                                    [WITH_DESCRIPTION] => 
                                    [SEARCHABLE] => N
                                    [FILTRABLE] => N
                                    [IS_REQUIRED] => N
                                    [VERSION] => 1
                                    [USER_TYPE] => Money
                                    [USER_TYPE_SETTINGS] => 
                                    [HINT] => 
                                    [PROPERTY_VALUE_ID] => 821
                                    [VALUE] => 200000|UAH
                                    [DESCRIPTION] => 
                                    [VALUE_ENUM] => 
                                    [VALUE_XML_ID] => 
                                    [VALUE_SORT] => 
                                    [~VALUE] => 200000|UAH
                                    [~DESCRIPTION] => 
                                    [~NAME] => Сума платежу, UAH
                                    [~DEFAULT_VALUE] => 
                                )

                            [DATA_PLATEJU] => Array
                                (
                                    [ID] => 113
                                    [TIMESTAMP_X] => 2019-06-05 14:59:39
                                    [IBLOCK_ID] => 31
                                    [NAME] => Дата платежу
                                    [ACTIVE] => Y
                                    [SORT] => 80
                                    [CODE] => DATA_PLATEJU
                                    [DEFAULT_VALUE] => 
                                    [PROPERTY_TYPE] => S
                                    [ROW_COUNT] => 1
                                    [COL_COUNT] => 30
                                    [LIST_TYPE] => L
                                    [MULTIPLE] => N
                                    [XML_ID] => 
                                    [FILE_TYPE] => 
                                    [MULTIPLE_CNT] => 1
                                    [TMP_ID] => 
                                    [LINK_IBLOCK_ID] => 
                                    [WITH_DESCRIPTION] => 
                                    [SEARCHABLE] => N
                                    [FILTRABLE] => N
                                    [IS_REQUIRED] => N
                                    [VERSION] => 1
                                    [USER_TYPE] => Date
                                    [USER_TYPE_SETTINGS] => 
                                    [HINT] => 
                                    [PROPERTY_VALUE_ID] => 822
                                    [VALUE] => 31.08.2019
                                    [DESCRIPTION] => 
                                    [VALUE_ENUM] => 
                                    [VALUE_XML_ID] => 
                                    [VALUE_SORT] => 
                                    [~VALUE] => 31.08.2019
                                    [~DESCRIPTION] => 
                                    [~NAME] => Дата платежу
                                    [~DEFAULT_VALUE] => 
                                )

                        )

                )

            [2] => Array
                (
                    [FIELDS] => Array
                        (
                            [ID] => 227
                            [~ID] => 227
                            [NAME] => 06062019/апв323, платіж # 4
                            [~NAME] => 06062019/апв323, платіж # 4
                            [IBLOCK_ID] => 31
                            [~IBLOCK_ID] => 31
                            [TIMESTAMP_X] => 12.06.2019 14:42:22
                            [~TIMESTAMP_X] => 12.06.2019 14:42:22
                        )

                    [PROPERTIES] => Array
                        (
                            [KLIYENT] => Array
                                (
                                    [ID] => 107
                                    [TIMESTAMP_X] => 2019-06-05 15:01:04
                                    [IBLOCK_ID] => 31
                                    [NAME] => Клієнт
                                    [ACTIVE] => Y
                                    [SORT] => 20
                                    [CODE] => KLIYENT
                                    [DEFAULT_VALUE] => 
                                    [PROPERTY_TYPE] => S
                                    [ROW_COUNT] => 1
                                    [COL_COUNT] => 30
                                    [LIST_TYPE] => L
                                    [MULTIPLE] => Y
                                    [XML_ID] => 
                                    [FILE_TYPE] => 
                                    [MULTIPLE_CNT] => 1
                                    [TMP_ID] => 
                                    [LINK_IBLOCK_ID] => 
                                    [WITH_DESCRIPTION] => 
                                    [SEARCHABLE] => N
                                    [FILTRABLE] => N
                                    [IS_REQUIRED] => N
                                    [VERSION] => 1
                                    [USER_TYPE] => ECrm
                                    [USER_TYPE_SETTINGS] => Array
                                        (
                                            [CONTACT] => Y
                                            [COMPANY] => Y
                                            [VISIBLE] => Y
                                            [LEAD] => N
                                            [DEAL] => N
                                        )

                                    [HINT] => 
                                    [PROPERTY_VALUE_ID] => Array
                                        (
                                            [0] => 1108
                                        )

                                    [VALUE] => Array
                                        (
                                            [0] => C_66
                                        )

                                    [DESCRIPTION] => Array
                                        (
                                            [0] => 
                                        )

                                    [VALUE_ENUM] => 
                                    [VALUE_XML_ID] => 
                                    [VALUE_SORT] => 
                                    [~VALUE] => Array
                                        (
                                            [0] => C_66
                                        )

                                    [~DESCRIPTION] => Array
                                        (
                                            [0] => 
                                        )

                                    [~NAME] => Клієнт
                                    [~DEFAULT_VALUE] => 
                                )

                            [UGODA] => Array
                                (
                                    [ID] => 108
                                    [TIMESTAMP_X] => 2019-06-05 14:33:17
                                    [IBLOCK_ID] => 31
                                    [NAME] => Угода
                                    [ACTIVE] => Y
                                    [SORT] => 30
                                    [CODE] => UGODA
                                    [DEFAULT_VALUE] => 
                                    [PROPERTY_TYPE] => S
                                    [ROW_COUNT] => 1
                                    [COL_COUNT] => 30
                                    [LIST_TYPE] => L
                                    [MULTIPLE] => N
                                    [XML_ID] => 
                                    [FILE_TYPE] => 
                                    [MULTIPLE_CNT] => 1
                                    [TMP_ID] => 
                                    [LINK_IBLOCK_ID] => 
                                    [WITH_DESCRIPTION] => 
                                    [SEARCHABLE] => N
                                    [FILTRABLE] => N
                                    [IS_REQUIRED] => N
                                    [VERSION] => 1
                                    [USER_TYPE] => ECrm
                                    [USER_TYPE_SETTINGS] => Array
                                        (
                                            [DEAL] => Y
                                            [VISIBLE] => Y
                                            [LEAD] => N
                                            [CONTACT] => N
                                            [COMPANY] => N
                                        )

                                    [HINT] => 
                                    [PROPERTY_VALUE_ID] => 824
                                    [VALUE] => 1627
                                    [DESCRIPTION] => 
                                    [VALUE_ENUM] => 
                                    [VALUE_XML_ID] => 
                                    [VALUE_SORT] => 
                                    [~VALUE] => 1627
                                    [~DESCRIPTION] => 
                                    [~NAME] => Угода
                                    [~DEFAULT_VALUE] => 
                                )

                            [ZHYTLOVYY_KOMPLEKS] => Array
                                (
                                    [ID] => 109
                                    [TIMESTAMP_X] => 2019-06-05 14:34:39
                                    [IBLOCK_ID] => 31
                                    [NAME] => Житловий комплекс
                                    [ACTIVE] => Y
                                    [SORT] => 40
                                    [CODE] => ZHYTLOVYY_KOMPLEKS
                                    [DEFAULT_VALUE] => 
                                    [PROPERTY_TYPE] => S
                                    [ROW_COUNT] => 1
                                    [COL_COUNT] => 30
                                    [LIST_TYPE] => L
                                    [MULTIPLE] => N
                                    [XML_ID] => 
                                    [FILE_TYPE] => 
                                    [MULTIPLE_CNT] => 1
                                    [TMP_ID] => 
                                    [LINK_IBLOCK_ID] => 
                                    [WITH_DESCRIPTION] => 
                                    [SEARCHABLE] => N
                                    [FILTRABLE] => N
                                    [IS_REQUIRED] => N
                                    [VERSION] => 1
                                    [USER_TYPE] => 
                                    [USER_TYPE_SETTINGS] => 
                                    [HINT] => 
                                    [PROPERTY_VALUE_ID] => 870
                                    [VALUE] => ЖК &quot;Riverside&quot; 123
                                    [DESCRIPTION] => 
                                    [VALUE_ENUM] => 
                                    [VALUE_XML_ID] => 
                                    [VALUE_SORT] => 
                                    [~VALUE] => ЖК "Riverside" 123
                                    [~DESCRIPTION] => 
                                    [~NAME] => Житловий комплекс
                                    [~DEFAULT_VALUE] => 
                                )

                            [STATUS] => Array
                                (
                                    [ID] => 110
                                    [TIMESTAMP_X] => 2019-06-05 14:35:14
                                    [IBLOCK_ID] => 31
                                    [NAME] => Статус
                                    [ACTIVE] => Y
                                    [SORT] => 50
                                    [CODE] => STATUS
                                    [DEFAULT_VALUE] => 
                                    [PROPERTY_TYPE] => L
                                    [ROW_COUNT] => 1
                                    [COL_COUNT] => 30
                                    [LIST_TYPE] => L
                                    [MULTIPLE] => N
                                    [XML_ID] => 
                                    [FILE_TYPE] => 
                                    [MULTIPLE_CNT] => 1
                                    [TMP_ID] => 
                                    [LINK_IBLOCK_ID] => 
                                    [WITH_DESCRIPTION] => 
                                    [SEARCHABLE] => N
                                    [FILTRABLE] => N
                                    [IS_REQUIRED] => N
                                    [VERSION] => 1
                                    [USER_TYPE] => 
                                    [USER_TYPE_SETTINGS] => 
                                    [HINT] => 
                                    [PROPERTY_VALUE_ID] => 1109
                                    [VALUE] => Не сплачено
                                    [DESCRIPTION] => 
                                    [VALUE_ENUM] => Не сплачено
                                    [VALUE_XML_ID] => 67232fb75b22d08917fbfe67328e25fb
                                    [VALUE_SORT] => 20
                                    [VALUE_ENUM_ID] => 80
                                    [~VALUE] => Не сплачено
                                    [~DESCRIPTION] => 
                                    [~NAME] => Статус
                                    [~DEFAULT_VALUE] => 
                                )

                            [SUMA_PLATEJU_UAH] => Array
                                (
                                    [ID] => 111
                                    [TIMESTAMP_X] => 2019-06-05 15:04:34
                                    [IBLOCK_ID] => 31
                                    [NAME] => Сума платежу, UAH
                                    [ACTIVE] => Y
                                    [SORT] => 60
                                    [CODE] => SUMA_PLATEJU_UAH
                                    [DEFAULT_VALUE] => 
                                    [PROPERTY_TYPE] => S
                                    [ROW_COUNT] => 1
                                    [COL_COUNT] => 30
                                    [LIST_TYPE] => L
                                    [MULTIPLE] => N
                                    [XML_ID] => 
                                    [FILE_TYPE] => 
                                    [MULTIPLE_CNT] => 1
                                    [TMP_ID] => 
                                    [LINK_IBLOCK_ID] => 
                                    [WITH_DESCRIPTION] => 
                                    [SEARCHABLE] => N
                                    [FILTRABLE] => N
                                    [IS_REQUIRED] => N
                                    [VERSION] => 1
                                    [USER_TYPE] => Money
                                    [USER_TYPE_SETTINGS] => 
                                    [HINT] => 
                                    [PROPERTY_VALUE_ID] => 827
                                    [VALUE] => 200000|UAH
                                    [DESCRIPTION] => 
                                    [VALUE_ENUM] => 
                                    [VALUE_XML_ID] => 
                                    [VALUE_SORT] => 
                                    [~VALUE] => 200000|UAH
                                    [~DESCRIPTION] => 
                                    [~NAME] => Сума платежу, UAH
                                    [~DEFAULT_VALUE] => 
                                )

                            [DATA_PLATEJU] => Array
                                (
                                    [ID] => 113
                                    [TIMESTAMP_X] => 2019-06-05 14:59:39
                                    [IBLOCK_ID] => 31
                                    [NAME] => Дата платежу
                                    [ACTIVE] => Y
                                    [SORT] => 80
                                    [CODE] => DATA_PLATEJU
                                    [DEFAULT_VALUE] => 
                                    [PROPERTY_TYPE] => S
                                    [ROW_COUNT] => 1
                                    [COL_COUNT] => 30
                                    [LIST_TYPE] => L
                                    [MULTIPLE] => N
                                    [XML_ID] => 
                                    [FILE_TYPE] => 
                                    [MULTIPLE_CNT] => 1
                                    [TMP_ID] => 
                                    [LINK_IBLOCK_ID] => 
                                    [WITH_DESCRIPTION] => 
                                    [SEARCHABLE] => N
                                    [FILTRABLE] => N
                                    [IS_REQUIRED] => N
                                    [VERSION] => 1
                                    [USER_TYPE] => Date
                                    [USER_TYPE_SETTINGS] => 
                                    [HINT] => 
                                    [PROPERTY_VALUE_ID] => 828
                                    [VALUE] => 30.09.2019
                                    [DESCRIPTION] => 
                                    [VALUE_ENUM] => 
                                    [VALUE_XML_ID] => 
                                    [VALUE_SORT] => 
                                    [~VALUE] => 30.09.2019
                                    [~DESCRIPTION] => 
                                    [~NAME] => Дата платежу
                                    [~DEFAULT_VALUE] => 
                                )

                        )

                )

            [3] => Array
                (
                    [FIELDS] => Array
                        (
                            [ID] => 228
                            [~ID] => 228
                            [NAME] => 06062019/апв323, платіж # 5
                            [~NAME] => 06062019/апв323, платіж # 5
                            [IBLOCK_ID] => 31
                            [~IBLOCK_ID] => 31
                            [TIMESTAMP_X] => 12.06.2019 13:44:39
                            [~TIMESTAMP_X] => 12.06.2019 13:44:39
                        )

                    [PROPERTIES] => Array
                        (
                            [KLIYENT] => Array
                                (
                                    [ID] => 107
                                    [TIMESTAMP_X] => 2019-06-05 15:01:04
                                    [IBLOCK_ID] => 31
                                    [NAME] => Клієнт
                                    [ACTIVE] => Y
                                    [SORT] => 20
                                    [CODE] => KLIYENT
                                    [DEFAULT_VALUE] => 
                                    [PROPERTY_TYPE] => S
                                    [ROW_COUNT] => 1
                                    [COL_COUNT] => 30
                                    [LIST_TYPE] => L
                                    [MULTIPLE] => Y
                                    [XML_ID] => 
                                    [FILE_TYPE] => 
                                    [MULTIPLE_CNT] => 1
                                    [TMP_ID] => 
                                    [LINK_IBLOCK_ID] => 
                                    [WITH_DESCRIPTION] => 
                                    [SEARCHABLE] => N
                                    [FILTRABLE] => N
                                    [IS_REQUIRED] => N
                                    [VERSION] => 1
                                    [USER_TYPE] => ECrm
                                    [USER_TYPE_SETTINGS] => Array
                                        (
                                            [CONTACT] => Y
                                            [COMPANY] => Y
                                            [VISIBLE] => Y
                                            [LEAD] => N
                                            [DEAL] => N
                                        )

                                    [HINT] => 
                                    [PROPERTY_VALUE_ID] => Array
                                        (
                                            [0] => 856
                                        )

                                    [VALUE] => Array
                                        (
                                            [0] => C_66
                                        )

                                    [DESCRIPTION] => Array
                                        (
                                            [0] => 
                                        )

                                    [VALUE_ENUM] => 
                                    [VALUE_XML_ID] => 
                                    [VALUE_SORT] => 
                                    [~VALUE] => Array
                                        (
                                            [0] => C_66
                                        )

                                    [~DESCRIPTION] => Array
                                        (
                                            [0] => 
                                        )

                                    [~NAME] => Клієнт
                                    [~DEFAULT_VALUE] => 
                                )

                            [UGODA] => Array
                                (
                                    [ID] => 108
                                    [TIMESTAMP_X] => 2019-06-05 14:33:17
                                    [IBLOCK_ID] => 31
                                    [NAME] => Угода
                                    [ACTIVE] => Y
                                    [SORT] => 30
                                    [CODE] => UGODA
                                    [DEFAULT_VALUE] => 
                                    [PROPERTY_TYPE] => S
                                    [ROW_COUNT] => 1
                                    [COL_COUNT] => 30
                                    [LIST_TYPE] => L
                                    [MULTIPLE] => N
                                    [XML_ID] => 
                                    [FILE_TYPE] => 
                                    [MULTIPLE_CNT] => 1
                                    [TMP_ID] => 
                                    [LINK_IBLOCK_ID] => 
                                    [WITH_DESCRIPTION] => 
                                    [SEARCHABLE] => N
                                    [FILTRABLE] => N
                                    [IS_REQUIRED] => N
                                    [VERSION] => 1
                                    [USER_TYPE] => ECrm
                                    [USER_TYPE_SETTINGS] => Array
                                        (
                                            [DEAL] => Y
                                            [VISIBLE] => Y
                                            [LEAD] => N
                                            [CONTACT] => N
                                            [COMPANY] => N
                                        )

                                    [HINT] => 
                                    [PROPERTY_VALUE_ID] => 830
                                    [VALUE] => 1627
                                    [DESCRIPTION] => 
                                    [VALUE_ENUM] => 
                                    [VALUE_XML_ID] => 
                                    [VALUE_SORT] => 
                                    [~VALUE] => 1627
                                    [~DESCRIPTION] => 
                                    [~NAME] => Угода
                                    [~DEFAULT_VALUE] => 
                                )

                            [ZHYTLOVYY_KOMPLEKS] => Array
                                (
                                    [ID] => 109
                                    [TIMESTAMP_X] => 2019-06-05 14:34:39
                                    [IBLOCK_ID] => 31
                                    [NAME] => Житловий комплекс
                                    [ACTIVE] => Y
                                    [SORT] => 40
                                    [CODE] => ZHYTLOVYY_KOMPLEKS
                                    [DEFAULT_VALUE] => 
                                    [PROPERTY_TYPE] => S
                                    [ROW_COUNT] => 1
                                    [COL_COUNT] => 30
                                    [LIST_TYPE] => L
                                    [MULTIPLE] => N
                                    [XML_ID] => 
                                    [FILE_TYPE] => 
                                    [MULTIPLE_CNT] => 1
                                    [TMP_ID] => 
                                    [LINK_IBLOCK_ID] => 
                                    [WITH_DESCRIPTION] => 
                                    [SEARCHABLE] => N
                                    [FILTRABLE] => N
                                    [IS_REQUIRED] => N
                                    [VERSION] => 1
                                    [USER_TYPE] => 
                                    [USER_TYPE_SETTINGS] => 
                                    [HINT] => 
                                    [PROPERTY_VALUE_ID] => 871
                                    [VALUE] => ЖК &quot;Riverside&quot; 123
                                    [DESCRIPTION] => 
                                    [VALUE_ENUM] => 
                                    [VALUE_XML_ID] => 
                                    [VALUE_SORT] => 
                                    [~VALUE] => ЖК "Riverside" 123
                                    [~DESCRIPTION] => 
                                    [~NAME] => Житловий комплекс
                                    [~DEFAULT_VALUE] => 
                                )

                            [STATUS] => Array
                                (
                                    [ID] => 110
                                    [TIMESTAMP_X] => 2019-06-05 14:35:14
                                    [IBLOCK_ID] => 31
                                    [NAME] => Статус
                                    [ACTIVE] => Y
                                    [SORT] => 50
                                    [CODE] => STATUS
                                    [DEFAULT_VALUE] => 
                                    [PROPERTY_TYPE] => L
                                    [ROW_COUNT] => 1
                                    [COL_COUNT] => 30
                                    [LIST_TYPE] => L
                                    [MULTIPLE] => N
                                    [XML_ID] => 
                                    [FILE_TYPE] => 
                                    [MULTIPLE_CNT] => 1
                                    [TMP_ID] => 
                                    [LINK_IBLOCK_ID] => 
                                    [WITH_DESCRIPTION] => 
                                    [SEARCHABLE] => N
                                    [FILTRABLE] => N
                                    [IS_REQUIRED] => N
                                    [VERSION] => 1
                                    [USER_TYPE] => 
                                    [USER_TYPE_SETTINGS] => 
                                    [HINT] => 
                                    [PROPERTY_VALUE_ID] => 832
                                    [VALUE] => Не сплачено
                                    [DESCRIPTION] => 
                                    [VALUE_ENUM] => Не сплачено
                                    [VALUE_XML_ID] => 67232fb75b22d08917fbfe67328e25fb
                                    [VALUE_SORT] => 20
                                    [VALUE_ENUM_ID] => 80
                                    [~VALUE] => Не сплачено
                                    [~DESCRIPTION] => 
                                    [~NAME] => Статус
                                    [~DEFAULT_VALUE] => 
                                )

                            [SUMA_PLATEJU_UAH] => Array
                                (
                                    [ID] => 111
                                    [TIMESTAMP_X] => 2019-06-05 15:04:34
                                    [IBLOCK_ID] => 31
                                    [NAME] => Сума платежу, UAH
                                    [ACTIVE] => Y
                                    [SORT] => 60
                                    [CODE] => SUMA_PLATEJU_UAH
                                    [DEFAULT_VALUE] => 
                                    [PROPERTY_TYPE] => S
                                    [ROW_COUNT] => 1
                                    [COL_COUNT] => 30
                                    [LIST_TYPE] => L
                                    [MULTIPLE] => N
                                    [XML_ID] => 
                                    [FILE_TYPE] => 
                                    [MULTIPLE_CNT] => 1
                                    [TMP_ID] => 
                                    [LINK_IBLOCK_ID] => 
                                    [WITH_DESCRIPTION] => 
                                    [SEARCHABLE] => N
                                    [FILTRABLE] => N
                                    [IS_REQUIRED] => N
                                    [VERSION] => 1
                                    [USER_TYPE] => Money
                                    [USER_TYPE_SETTINGS] => 
                                    [HINT] => 
                                    [PROPERTY_VALUE_ID] => 833
                                    [VALUE] => 200000|UAH
                                    [DESCRIPTION] => 
                                    [VALUE_ENUM] => 
                                    [VALUE_XML_ID] => 
                                    [VALUE_SORT] => 
                                    [~VALUE] => 200000|UAH
                                    [~DESCRIPTION] => 
                                    [~NAME] => Сума платежу, UAH
                                    [~DEFAULT_VALUE] => 
                                )

                            [DATA_PLATEJU] => Array
                                (
                                    [ID] => 113
                                    [TIMESTAMP_X] => 2019-06-05 14:59:39
                                    [IBLOCK_ID] => 31
                                    [NAME] => Дата платежу
                                    [ACTIVE] => Y
                                    [SORT] => 80
                                    [CODE] => DATA_PLATEJU
                                    [DEFAULT_VALUE] => 
                                    [PROPERTY_TYPE] => S
                                    [ROW_COUNT] => 1
                                    [COL_COUNT] => 30
                                    [LIST_TYPE] => L
                                    [MULTIPLE] => N
                                    [XML_ID] => 
                                    [FILE_TYPE] => 
                                    [MULTIPLE_CNT] => 1
                                    [TMP_ID] => 
                                    [LINK_IBLOCK_ID] => 
                                    [WITH_DESCRIPTION] => 
                                    [SEARCHABLE] => N
                                    [FILTRABLE] => N
                                    [IS_REQUIRED] => N
                                    [VERSION] => 1
                                    [USER_TYPE] => Date
                                    [USER_TYPE_SETTINGS] => 
                                    [HINT] => 
                                    [PROPERTY_VALUE_ID] => 834
                                    [VALUE] => 31.10.2019
                                    [DESCRIPTION] => 
                                    [VALUE_ENUM] => 
                                    [VALUE_XML_ID] => 
                                    [VALUE_SORT] => 
                                    [~VALUE] => 31.10.2019
                                    [~DESCRIPTION] => 
                                    [~NAME] => Дата платежу
                                    [~DEFAULT_VALUE] => 
                                )

                        )

                )

        )

    [3] => Array
        (
            [0] => Array
                (
                    [109] => ЖК "Riverside" 123
                    [111] => 200000|UAH
                    [113] => 30.06.2019
                )

            [1] => Array
                (
                    [109] => ЖК "Riverside" 123
                    [111] => 200000|UAH
                    [113] => 31.08.2019
                )

            [2] => Array
                (
                    [109] => ЖК "Riverside" 123
                    [111] => 200000|UAH
                    [113] => 30.09.2019
                )

            [3] => Array
                (
                    [109] => ЖК "Riverside" 123
                    [111] => 200000|UAH
                    [113] => 31.10.2019
                )

        )

)
