Array
(
    [0] => Array
        (
            [STAGE_ID] => C1:PREPARATION
            [ASSIGNED_BY_ID] => 16
            [UF_CRM_1550227879] => 20.06.2019
            [~DATE_MODIFY] => now()
            [MODIFY_BY_ID] => 1
            [STAGE_SEMANTIC_ID] => P
            [IS_NEW] => N
            [ID] => 1627
        )

    [1] => Array
        (
            [ID] => 1627
            [~ID] => 1627
            [CATEGORY_ID] => 1
            [~CATEGORY_ID] => 1
            [STAGE_ID] => C1:NEW
            [~STAGE_ID] => C1:NEW
            [CONTACT_ID] => 200
            [~CONTACT_ID] => 200
            [COMPANY_ID] => 8
            [~COMPANY_ID] => 8
            [TYPE_ID] => 3
            [~TYPE_ID] => 3
            [UF_CRM_1550240174] => 06062019/апв323
            [~UF_CRM_1550240174] => 06062019/апв323
            [UF_CRM_1550841222] => 90
            [~UF_CRM_1550841222] => 90
            [UF_CRM_1550227867] => 1000000|UAH
            [~UF_CRM_1550227867] => 1000000|UAH
            [UF_CRM_1550227540] => 40000|USD
            [~UF_CRM_1550227540] => 40000|USD
            [UF_CRM_1550227609] => 0|UAH
            [~UF_CRM_1550227609] => 0|UAH
            [UF_CRM_1550227631] => 0|USD
            [~UF_CRM_1550227631] => 0|USD
            [UF_CRM_1550227712] => 1000000|UAH
            [~UF_CRM_1550227712] => 1000000|UAH
            [UF_CRM_1550227726] => 40000|USD
            [~UF_CRM_1550227726] => 40000|USD
            [UF_CRM_1550227879] => 01.07.2019
            [~UF_CRM_1550227879] => 01.07.2019
            [UF_CRM_1550227956] => 82
            [~UF_CRM_1550227956] => 82
        )

    [2] => Array
        (
        )

    [3] => Array
        (
            [DEAL_ID] => 1627
            [CONTACTS] => Array
                (
                    [0] => C_200
                    [1] => CO_8
                )

            [CONTRACT] => 06062019/апв323
            [RASSROCHKA_SUM_UAH] => 1000000|UAH
            [RASSROCHKA_SUM_USD] => 40000|USD
            [START_DATE] => 20.06.2019
            [ZHK_NAME] => ЖК "Riverside"
            [PAYMENTS_NUM] => 3
        )

    [4] => Array
        (
            [0] => Array
                (
                    [result] => 215
                    [error] => 
                )

            [1] => Array
                (
                    [result] => 216
                    [error] => 
                )

            [2] => Array
                (
                    [result] => 217
                    [error] => 
                )

        )

)
