Array
(
    [IBLOCK_ID] => 31
    [IBLOCK_SECTION_ID] => 
    [NAME] => 1233123-fhfhf
    [MODIFIED_BY] => 1
    [PROPERTY_VALUES] => Array
        (
            [107] => Array
                (
                    [0] => C_66
                    [1] => CO_8
                )

            [108] => Array
                (
                    [n0] => Array
                        (
                            [VALUE] => 1627
                        )

                )

            [109] => Array
                (
                    [n0] => Array
                        (
                            [VALUE] => Кромешный адЪ
                        )

                )

            [110] => 80
            [111] => Array
                (
                    [n0] => Array
                        (
                            [VALUE] => 10000|UAH
                        )

                )

            [112] => Array
                (
                    [n0] => Array
                        (
                            [VALUE] => 400|EUR
                        )

                )

            [113] => Array
                (
                    [n0] => Array
                        (
                            [VALUE] => 28.06.2019
                        )

                )

        )

    [RIGHTS] => Array
        (
        )

    [IBLOCK_SECTION] => Array
        (
        )

    [SEARCHABLE_CONTENT] => 1233123-FHFHF
)
Array
(
    [IBLOCK_ID] => 31
    [IBLOCK_SECTION_ID] => 
    [NAME] => 1233123-fhfhf
    [MODIFIED_BY] => 1
    [PROPERTY_VALUES] => Array
        (
            [107] => Array
                (
                    [0] => C_66
                    [1] => CO_8
                )

            [108] => Array
                (
                    [n0] => Array
                        (
                            [VALUE] => 1627
                        )

                )

            [109] => Array
                (
                    [n0] => Array
                        (
                            [VALUE] => Кромешный адЪ
                        )

                )

            [110] => 80
            [111] => Array
                (
                    [n0] => Array
                        (
                            [VALUE] => 10000|UAH
                        )

                )

            [112] => Array
                (
                    [n0] => Array
                        (
                            [VALUE] => 400|USD
                        )

                )

            [113] => Array
                (
                    [n0] => Array
                        (
                            [VALUE] => 28.06.2019
                        )

                )

        )

    [RIGHTS] => Array
        (
        )

    [IBLOCK_SECTION] => Array
        (
        )

    [SEARCHABLE_CONTENT] => 1233123-FHFHF
)
Array
(
    [IBLOCK_ID] => 31
    [IBLOCK_SECTION_ID] => 
    [NAME] => 1233123-fhfhf
    [MODIFIED_BY] => 1
    [PROPERTY_VALUES] => Array
        (
            [107] => Array
                (
                    [0] => C_66
                    [1] => CO_8
                )

            [108] => Array
                (
                    [n0] => Array
                        (
                            [VALUE] => 1627
                        )

                )

            [109] => Array
                (
                    [n0] => Array
                        (
                            [VALUE] => Кромешный адЪ
                        )

                )

            [110] => 80
            [111] => Array
                (
                    [n0] => Array
                        (
                            [VALUE] => 10000|UAH
                        )

                )

            [112] => Array
                (
                    [n0] => Array
                        (
                            [VALUE] => 400.00|USD
                        )

                )

            [113] => Array
                (
                    [n0] => Array
                        (
                            [VALUE] => 28.06.2019
                        )

                )

        )

    [RIGHTS] => Array
        (
        )

    [IBLOCK_SECTION] => Array
        (
        )

    [SEARCHABLE_CONTENT] => 1233123-FHFHF
)
Array
(
    [IBLOCK_ID] => 31
    [IBLOCK_SECTION_ID] => 
    [NAME] => 1233123-fhfhf
    [MODIFIED_BY] => 1
    [PROPERTY_VALUES] => Array
        (
            [107] => Array
                (
                    [0] => C_66
                    [1] => CO_8
                )

            [108] => Array
                (
                    [n0] => Array
                        (
                            [VALUE] => 1627
                        )

                )

            [109] => Array
                (
                    [n0] => Array
                        (
                            [VALUE] => Кромешный адЪ
                        )

                )

            [110] => 80
            [111] => Array
                (
                    [n0] => Array
                        (
                            [VALUE] => 10000|UAH
                        )

                )

            [112] => Array
                (
                    [n0] => Array
                        (
                            [VALUE] => 5334|USD
                        )

                )

            [113] => Array
                (
                    [n0] => Array
                        (
                            [VALUE] => 28.06.2019
                        )

                )

        )

    [RIGHTS] => Array
        (
        )

    [IBLOCK_SECTION] => Array
        (
        )

    [SEARCHABLE_CONTENT] => 1233123-FHFHF
)
Array
(
    [IBLOCK_ID] => 31
    [IBLOCK_SECTION_ID] => 
    [NAME] => 06062019/апв323
    [MODIFIED_BY] => 1
    [PROPERTY_VALUES] => Array
        (
            [107] => Array
                (
                    [0] => C_200
                    [1] => C_66
                    [2] => CO_7
                )

            [108] => Array
                (
                    [n0] => Array
                        (
                            [VALUE] => 1627
                        )

                )

            [109] => Array
                (
                    [n0] => Array
                        (
                            [VALUE] => Кромешный адЪ
                        )

                )

            [110] => 80
            [111] => Array
                (
                    [n0] => Array
                        (
                            [VALUE] => 10000.00|UAH
                        )

                )

            [113] => Array
                (
                    [n0] => Array
                        (
                            [VALUE] => 20.06.2019
                        )

                )

        )

    [RIGHTS] => Array
        (
        )

    [IBLOCK_SECTION] => Array
        (
        )

    [SEARCHABLE_CONTENT] => 06062019/АПВ323
)
