Array
(
    [TITLE] => Тест новая 2
    [TYPE_ID] => 4
    [STAGE_ID] => C1:PREPARATION
    [COMMENTS] => TEST!
    [ASSIGNED_BY_ID] => 1
    [UF_CRM_1550226967] => 14.06.2019
    [UF_CRM_1550227038] => 30
    [UF_CRM_1550227093] => 100
    [UF_CRM_1550227174] => 4
    [UF_CRM_1550227188] => 0
    [UF_CRM_1550227200] => 45
    [UF_CRM_1550227408] => 39
    [UF_CRM_1550227506] => 52
    [UF_CRM_1550227540] => 40000|USD
    [UF_CRM_1550227575] => 0|UAH
    [UF_CRM_1550227592] => 0|USD
    [UF_CRM_1550227609] => 0|UAH
    [UF_CRM_1550227631] => 00|USD
    [UF_CRM_1550227684] => 0
    [UF_CRM_1550227695] => 0
    [UF_CRM_1550227712] => 1000000|UAH
    [UF_CRM_1550227726] => 40000|USD
    [UF_CRM_1550227752] => 10000|UAH
    [UF_CRM_1550227814] => 100
    [UF_CRM_1550227830] => 25
    [UF_CRM_1550227854] => 0|UAH
    [UF_CRM_1550227867] => 1000000|UAH
    [UF_CRM_1550227879] => 01.07.2019
    [UF_CRM_1550227892] => 50000|UAH
    [UF_CRM_1550227906] => 2000|USD
    [UF_CRM_1550227956] => 98
    [UF_CRM_1550240174] => 06062019/апв323
    [UF_CRM_1550499595046] => Берестейская 2-В
    [UF_CRM_1550500088309] => 10000|UAH
    [UF_CRM_1550500214026] => 400|USD
    [UF_CRM_1550562890960] => 10
    [UF_CRM_1550562963169] => 8000|UAH
    [UF_CRM_1550562981583] => 5000|USD
    [UF_CRM_1550563016331] => 10000|UAH
    [UF_CRM_1550563032922] => 300|USD
    [UF_CRM_1550563107755] => 0|USD
    [UF_CRM_1550563272125] => 400|USD
    [UF_CRM_1550841222] => 90
    [UF_CRM_1554977040] => Array
        (
            [0] => 
            [1] => 125
            [2] => 126
        )

    [CATEGORY_ID] => 1
    [COMPANY_ID] => 0
    [OPENED] => Y
    [CURRENCY_ID] => UAH
    [EXCH_RATE] => 1
    [~DATE_CREATE] => now()
    [~DATE_MODIFY] => now()
    [CREATED_BY_ID] => 1
    [MODIFY_BY_ID] => 1
    [IS_RECURRING] => N
    [STAGE_SEMANTIC_ID] => P
    [IS_NEW] => N
    [ACCOUNT_CURRENCY_ID] => UAH
    [OPPORTUNITY_ACCOUNT] => 0
    [TAX_VALUE_ACCOUNT] => 0
    [~BEGINDATE] => '2019-06-06'
    [__BEGINDATE] => 06.06.2019
    [CLOSED] => N
    [~CLOSEDATE] => '2019-06-13'
    [__CLOSEDATE] => 13.06.2019
)
